<?xml version="1.0" encoding="UTF-8"?>
<!-- Generated by org.testng.reporters.JUnitReportReporter -->
<testsuite hostname="DESKTOP-GT5CU0D" failures="0" tests="1" name="packg.Maman" time="20.630" errors="0" timestamp="2024-12-18T17:00:12 IST" skipped="0">
  <testcase classname="packg.Maman" name="ttingWork" time="20.630"/>
  <system-out/>
</testsuite> <!-- packg.Maman -->
