<?xml version="1.0" encoding="UTF-8"?>
<!-- Generated by org.testng.reporters.JUnitReportReporter -->
<testsuite hostname="DESKTOP-GT5CU0D" failures="0" tests="1" name="packg.SiteAutomation" time="11.336" errors="0" timestamp="2024-12-18T18:05:15 IST" skipped="0">
  <testcase classname="packg.SiteAutomation" name="testingWork" time="11.336"/>
  <system-out/>
</testsuite> <!-- packg.SiteAutomation -->
